[debug] [2022-08-22T04:16:29.100Z] ----------------------------------------------------------------------
[debug] [2022-08-22T04:16:29.101Z] Command:       C:\Program Files\nodejs\node.exe C:\Users\sweth\AppData\Roaming\npm\node_modules\firebase-tools\lib\bin\firebase.js init hosting
[debug] [2022-08-22T04:16:29.102Z] CLI Version:   11.4.2
[debug] [2022-08-22T04:16:29.102Z] Platform:      win32
[debug] [2022-08-22T04:16:29.102Z] Node Version:  v16.15.1
[debug] [2022-08-22T04:16:29.103Z] Time:          Mon Aug 22 2022 09:46:29 GMT+0530 (India Standard Time)
[debug] [2022-08-22T04:16:29.103Z] ----------------------------------------------------------------------
[debug] 
[debug] [2022-08-22T04:16:29.109Z] > command requires scopes: ["email","openid","https://www.googleapis.com/auth/cloudplatformprojects.readonly","https://www.googleapis.com/auth/firebase","https://www.googleapis.com/auth/cloud-platform"]
[debug] [2022-08-22T04:16:29.110Z] > authorizing via signed-in user (swetha.vijay@hutechsolutions.com)
[info] 
     ######## #### ########  ######## ########     ###     ######  ########
     ##        ##  ##     ## ##       ##     ##  ##   ##  ##       ##
     ######    ##  ########  ######   ########  #########  ######  ######
     ##        ##  ##    ##  ##       ##     ## ##     ##       ## ##
     ##       #### ##     ## ######## ########  ##     ##  ######  ########

You're about to initialize a Firebase project in this directory:

  C:\Users\sweth\OneDrive\Documents\expense-react\expense

[info] 
=== Project Setup
[info] 
[info] First, let's associate this project directory with a Firebase project.
[info] You can create multiple project aliases by running firebase use --add, 
[info] but for now we'll just set up a default project.
[info] 
[debug] [2022-08-22T04:16:36.964Z] >>> [apiv2][query] GET https://firebase.googleapis.com/v1beta1/projects pageSize=100
[debug] [2022-08-22T04:16:37.888Z] <<< [apiv2][status] GET https://firebase.googleapis.com/v1beta1/projects 200
[debug] [2022-08-22T04:16:37.888Z] <<< [apiv2][body] GET https://firebase.googleapis.com/v1beta1/projects [omitted]
[info] i  Using project fir-db-for-spring-boot-aea1a (user expense DB) 
[info] 
=== Hosting Setup
[info] 
[info] Your public directory is the folder (relative to your project directory) that
[info] will contain Hosting assets to be uploaded with firebase deploy. If you
[info] have a build process for your assets, use your build's output directory.
[info] 
[debug] [2022-08-22T04:20:34.059Z] ----------------------------------------------------------------------
[debug] [2022-08-22T04:20:34.060Z] Command:       C:\Program Files\nodejs\node.exe C:\Users\sweth\AppData\Roaming\npm\node_modules\firebase-tools\lib\bin\firebase.js init hosting
[debug] [2022-08-22T04:20:34.061Z] CLI Version:   11.4.2
[debug] [2022-08-22T04:20:34.061Z] Platform:      win32
[debug] [2022-08-22T04:20:34.061Z] Node Version:  v16.15.1
[debug] [2022-08-22T04:20:34.062Z] Time:          Mon Aug 22 2022 09:50:34 GMT+0530 (India Standard Time)
[debug] [2022-08-22T04:20:34.062Z] ----------------------------------------------------------------------
[debug] 
[debug] [2022-08-22T04:20:34.069Z] > command requires scopes: ["email","openid","https://www.googleapis.com/auth/cloudplatformprojects.readonly","https://www.googleapis.com/auth/firebase","https://www.googleapis.com/auth/cloud-platform"]
[debug] [2022-08-22T04:20:34.069Z] > authorizing via signed-in user (swetha.vijay@hutechsolutions.com)
[info] 
     ######## #### ########  ######## ########     ###     ######  ########
     ##        ##  ##     ## ##       ##     ##  ##   ##  ##       ##
     ######    ##  ########  ######   ########  #########  ######  ######
     ##        ##  ##    ##  ##       ##     ## ##     ##       ## ##
     ##       #### ##     ## ######## ########  ##     ##  ######  ########

You're about to initialize a Firebase project in this directory:

  C:\Users\sweth\OneDrive\Documents\expense-react\expense

[info] 
=== Project Setup
[info] 
[info] First, let's associate this project directory with a Firebase project.
[info] You can create multiple project aliases by running firebase use --add, 
[info] but for now we'll just set up a default project.
[info] 
[debug] [2022-08-22T04:20:38.000Z] >>> [apiv2][query] GET https://firebase.googleapis.com/v1beta1/projects pageSize=100
[debug] [2022-08-22T04:20:38.916Z] <<< [apiv2][status] GET https://firebase.googleapis.com/v1beta1/projects 200
[debug] [2022-08-22T04:20:38.916Z] <<< [apiv2][body] GET https://firebase.googleapis.com/v1beta1/projects [omitted]
[info] i  Using project fir-db-for-spring-boot-aea1a (user expense DB) 
[info] 
=== Hosting Setup
[info] 
[info] Your public directory is the folder (relative to your project directory) that
[info] will contain Hosting assets to be uploaded with firebase deploy. If you
[info] have a build process for your assets, use your build's output directory.
[info] 
[info] +  Wrote public/404.html 
[debug] [2022-08-22T04:21:42.927Z] >>> [apiv2][query] GET https://www.gstatic.com/firebasejs/releases.json [none]
[debug] [2022-08-22T04:21:43.218Z] <<< [apiv2][status] GET https://www.gstatic.com/firebasejs/releases.json 200
[debug] [2022-08-22T04:21:43.218Z] <<< [apiv2][body] GET https://www.gstatic.com/firebasejs/releases.json {"current":{"version":"9.9.3","browserURL":"https://www.gstatic.com/firebasejs/9.9.3/firebase.js","packageURL":"https://www.gstatic.com/firebasejs/9.9.3/firebase.tgz"},"live":{"version":"9.9","browserURL":"https://www.gstatic.com/firebasejs/live/9.9/firebase.js","packageURL":"https://www.gstatic.com/firebasejs/live/9.9/firebase.tgz"},"components":{"analytics":"https://www.gstatic.com/firebasejs/9.9.3/firebase-analytics.js","app":"https://www.gstatic.com/firebasejs/9.9.3/firebase-app.js","app-check":"https://www.gstatic.com/firebasejs/9.9.3/firebase-app-check.js","auth":"https://www.gstatic.com/firebasejs/9.9.3/firebase-auth.js","auth/cordova":"https://www.gstatic.com/firebasejs/9.9.3/firebase-auth/cordova.js","auth/react-native":"https://www.gstatic.com/firebasejs/9.9.3/firebase-auth/react-native.js","functions":"https://www.gstatic.com/firebasejs/9.9.3/firebase-functions.js","firestore":"https://www.gstatic.com/firebasejs/9.9.3/firebase-firestore.js","firestore/lite":"https://www.gstatic.com/firebasejs/9.9.3/firebase-firestore/lite.js","installations":"https://www.gstatic.com/firebasejs/9.9.3/firebase-installations.js","storage":"https://www.gstatic.com/firebasejs/9.9.3/firebase-storage.js","performance":"https://www.gstatic.com/firebasejs/9.9.3/firebase-performance.js","remote-config":"https://www.gstatic.com/firebasejs/9.9.3/firebase-remote-config.js","messaging":"https://www.gstatic.com/firebasejs/9.9.3/firebase-messaging.js","messaging/sw":"https://www.gstatic.com/firebasejs/9.9.3/firebase-messaging/sw.js","database":"https://www.gstatic.com/firebasejs/9.9.3/firebase-database.js","firestore.memory":"https://www.gstatic.com/firebasejs/9.9.3/firebase-firestore.memory.js"}}
[info] i  Skipping write of public/index.html 
[info] 
[info] i  Detected a .git folder at C:\Users\sweth\OneDrive\Documents\expense-react\expense 
[info] i  Authorizing with GitHub to upload your service account to a GitHub repository's secrets store. 
[info] 
[info] Visit this URL on this device to log in:
[info] https://github.com/login/oauth/authorize?client_id=89cf50f02ac6aaed3484&state=414249990&redirect_uri=http%3A%2F%2Flocalhost%3A9005&scope=read%3Auser%20repo%20public_repo
[info] 
[info] Waiting for authentication...
[debug] [2022-08-22T04:22:29.019Z] >>> [apiv2][query] POST https://github.com/login/oauth/access_token [none]
[debug] [2022-08-22T04:22:29.019Z] >>> [apiv2][body] POST https://github.com/login/oauth/access_token [stream]
[debug] [2022-08-22T04:22:29.448Z] <<< [apiv2][status] POST https://github.com/login/oauth/access_token 200
[debug] [2022-08-22T04:22:29.448Z] <<< [apiv2][body] POST https://github.com/login/oauth/access_token {"access_token":"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","token_type":"bearer","scope":"read:user,repo"}
[debug] [2022-08-22T04:22:29.459Z] >>> [apiv2][query] GET https://api.github.com/user [none]
[debug] [2022-08-22T04:22:29.843Z] <<< [apiv2][status] GET https://api.github.com/user 200
[debug] [2022-08-22T04:22:29.843Z] <<< [apiv2][body] GET https://api.github.com/user {"login":"swethahutech","id":107832376,"node_id":"U_kgDOBm1kOA","avatar_url":"https://avatars.githubusercontent.com/u/107832376?v=4","gravatar_id":"","url":"https://api.github.com/users/swethahutech","html_url":"https://github.com/swethahutech","followers_url":"https://api.github.com/users/swethahutech/followers","following_url":"https://api.github.com/users/swethahutech/following{/other_user}","gists_url":"https://api.github.com/users/swethahutech/gists{/gist_id}","starred_url":"https://api.github.com/users/swethahutech/starred{/owner}{/repo}","subscriptions_url":"https://api.github.com/users/swethahutech/subscriptions","organizations_url":"https://api.github.com/users/swethahutech/orgs","repos_url":"https://api.github.com/users/swethahutech/repos","events_url":"https://api.github.com/users/swethahutech/events{/privacy}","received_events_url":"https://api.github.com/users/swethahutech/received_events","type":"User","site_admin":false,"name":null,"company":null,"blog":"","location":null,"email":null,"hireable":null,"bio":null,"twitter_username":null,"public_repos":1,"public_gists":0,"followers":0,"following":0,"created_at":"2022-06-20T05:49:55Z","updated_at":"2022-08-18T05:55:41Z","private_gists":0,"total_private_repos":3,"owned_private_repos":3,"disk_usage":1796,"collaborators":0,"two_factor_authentication":false,"plan":{"name":"free","space":976562499,"collaborators":0,"private_repos":10000}}
[info] 
[info] +  Success! Logged into GitHub as swethahutech 
[info] 
